<?xml version="1.0" encoding="UTF-8" ?>
<testsuites name="vitest tests" tests="6" failures="0" errors="0" time="1.242">
    <testsuite name="src/__tests__/cloudflare-index.test.ts" timestamp="2025-11-04T00:36:13.409Z" hostname="devbox" tests="1" failures="0" errors="0" skipped="0" time="0.042">
        <testcase classname="src/__tests__/cloudflare-index.test.ts" name="Cloudflare Index &gt; should create and inject repositories" time="0.041">
            <system-out>
&lt;-- GET /
--&gt; GET / [33m404[0m 6ms

            </system-out>
        </testcase>
    </testsuite>
    <testsuite name="src/__tests__/server.test.ts" timestamp="2025-11-04T00:36:13.413Z" hostname="devbox" tests="5" failures="0" errors="0" skipped="0" time="0.067">
        <testcase classname="src/__tests__/server.test.ts" name="API Worker &gt; should return health check status" time="0.023">
            <system-out>
&lt;-- GET /health
--&gt; GET /health [32m200[0m 4ms

            </system-out>
        </testcase>
        <testcase classname="src/__tests__/server.test.ts" name="API Worker &gt; should handle form submission successfully" time="0.018">
            <system-out>
&lt;-- POST /submit/test-form
--&gt; POST /submit/test-form [32m200[0m 2ms

            </system-out>
        </testcase>
        <testcase classname="src/__tests__/server.test.ts" name="API Worker &gt; should return 404 if form not found" time="0.006">
            <system-out>
&lt;-- POST /submit/non-existent-form
--&gt; POST /submit/non-existent-form [33m404[0m 3ms

            </system-out>
        </testcase>
        <testcase classname="src/__tests__/server.test.ts" name="API Worker &gt; should return 400 for invalid submission data" time="0.006">
            <system-out>
&lt;-- POST /submit/test-form
--&gt; POST /submit/test-form [33m400[0m 4ms

            </system-out>
        </testcase>
        <testcase classname="src/__tests__/server.test.ts" name="API Worker &gt; should handle form submission without snapshot metadata" time="0.013">
            <system-out>
&lt;-- POST /submit/legacy-form
--&gt; POST /submit/legacy-form [32m200[0m 2ms

            </system-out>
        </testcase>
    </testsuite>
</testsuites>
